<?xml version="1.0" encoding="UTF-8"?>
<testsuite xmlns:xsi="http://www.w3.org/2001/XMLSchema-instance" xsi:noNamespaceSchemaLocation="https://maven.apache.org/surefire/maven-surefire-plugin/xsd/surefire-test-report.xsd" version="3.0.2" name="sg.edu.nus.iss.d13revision.D13revisionApplicationTests" time="1.239" tests="1" errors="0" skipped="0" failures="0">
  <properties>
[...]
</properties>
  <testcase name="contextLoads" classname="sg.edu.nus.iss.d13revision.D13revisionApplicationTests" time="0.381">
    <system-out><![CDATA[13:35:57.118 [main] INFO org.springframework.test.context.support.AnnotationConfigContextLoaderUtils -- Could not detect default configuration classes for test class [sg.edu.nus.iss.d13revision.D13revisionApplicationTests]: D13revisionApplicationTests does not declare any static, non-private, non-final, nested classes annotated with @Configuration.
13:35:57.175 [main] INFO org.springframework.boot.test.context.SpringBootTestContextBootstrapper -- Found @SpringBootConfiguration sg.edu.nus.iss.d13revision.D13revisionApplication for test class sg.edu.nus.iss.d13revision.D13revisionApplicationTests
13:35:57.258 [main] INFO org.springframework.boot.devtools.restart.RestartApplicationListener -- Restart disabled due to context in which it is running

  .   ____          _            __ _ _
 /\\ / ___'_ __ _ _(_)_ __  __ _ \ \ \ \
( ( )\___ | '_ | '_| | '_ \/ _` | \ \ \ \
 \\/  ___)| |_)| | | | | || (_| |  ) ) ) )
  '  |____| .__|_| |_|_| |_\__, | / / / /
 =========|_|==============|___/=/_/_/_/

 :: Spring Boot ::                (v3.5.4)

2025-08-20T13:35:57.380+08:00  INFO 33246 --- [           main] s.e.n.i.d.D13revisionApplicationTests    : Starting D13revisionApplicationTests using Java 24 with PID 33246 (started by yantianli in /Users/yantianli/SE/EPAT_Project/cicd-test)
2025-08-20T13:35:57.380+08:00  INFO 33246 --- [           main] s.e.n.i.d.D13revisionApplicationTests    : No active profile set, falling back to 1 default profile: "default"
2025-08-20T13:35:57.777+08:00  INFO 33246 --- [           main] o.s.b.a.w.s.WelcomePageHandlerMapping    : Adding welcome page template: index
2025-08-20T13:35:57.901+08:00  INFO 33246 --- [           main] s.e.n.i.d.D13revisionApplicationTests    : Started D13revisionApplicationTests in 0.65 seconds (process running for 1.101)
]]></system-out>
    <system-err><![CDATA[Mockito is currently self-attaching to enable the inline-mock-maker. This will no longer work in future releases of the JDK. Please add Mockito as an agent to your build as described in Mockito's documentation: https://javadoc.io/doc/org.mockito/mockito-core/latest/org.mockito/org/mockito/Mockito.html#0.3
WARNING: A Java agent has been loaded dynamically (/Users/yantianli/.m2/repository/net/bytebuddy/byte-buddy-agent/1.17.6/byte-buddy-agent-1.17.6.jar)
WARNING: If a serviceability tool is in use, please run with -XX:+EnableDynamicAgentLoading to hide this warning
WARNING: If a serviceability tool is not in use, please run with -Djdk.instrument.traceUsage for more information
WARNING: Dynamic loading of agents will be disallowed by default in a future release
]]></system-err>
  </testcase>
</testsuite>